<?xml version="1.0" encoding="UTF-8"?>
<robot generator="Robot 6.0.2 (Python 3.11.2 on win32)" generated="20230730 11:01:44.591" rpa="false" schemaversion="3">
<suite id="s1" name="Dream11 Assignment" source="C:\Users\TMPL-FA-1879\PycharmProjects\Dream11_MobileApp\TestCases\Dream11_Assignment.robot">
<test id="s1-t1" name="Scenario Name : Create Dream11 Cricket Team" line="7">
<kw name="Launch Dream11 App" library="Dream11" type="SETUP">
<kw name="Open Application" library="AppiumLibrary">
<arg>http://localhost:4723/wd/hub</arg>
<arg>platformName=Android</arg>
<arg>platformVersion=13</arg>
<arg>deviceName=RZCT811AN0T</arg>
<arg>appPackage=com.dream11.fantasy.cricket.football.kabaddi</arg>
<arg>appActivity=com.app.dream11.dream11.SplashActivity</arg>
<arg>automationName=Uiautomator2</arg>
<arg>autoGrantPermissions=true</arg>
<doc>Opens a new application to given Appium server.
Capabilities of appium server, Android and iOS,
Please check https://github.com/appium/appium/blob/master/docs/en/writing-running-appium/server-args.md
| *Option*            | *Man.* | *Description*     |
| remote_url          | Yes    | Appium server url |
| alias               | no     | alias             |
| strict_ssl          | No     | allows you to send commands to an invalid certificate host like a self-signed one. |</doc>
<status status="PASS" starttime="20230730 11:01:44.905" endtime="20230730 11:01:54.268"/>
</kw>
<status status="PASS" starttime="20230730 11:01:44.904" endtime="20230730 11:01:54.268"/>
</kw>
<kw name="Given Login to the Application" library="Dream11">
<kw name="Wait Until Element Is Visible" library="AppiumLibrary">
<arg>${Select_App_Language_Continue}</arg>
<arg>${Timeout}</arg>
<doc>Waits until element specified with `locator` is visible.</doc>
<msg timestamp="20230730 11:01:59.321" level="INFO">xpath criteria: //android.widget.Button[@bounds='[42,2067][1038,2115]']
xpath criteria: //android.widget.Button[@bounds='[42,2067][1038,2115]']
xpath criteria: //android.widget.Button[@bounds='[42,2067][1038,2115]']
xpath criteria: //android.widget.Button[@bounds='[42,2067][1038,2115]']
xpath criteria: //android.widget.Button[@bounds='[42,2067][1038,2115]']
xpath criteria: //android.widget.Button[@bounds='[42,2067][1038,2115]']
xpath criteria: //android.widget.Button[@bounds='[42,2067][1038,2115]']
xpath criteria: //android.widget.Button[@bounds='[42,2067][1038,2115]']
xpath criteria: //android.widget.Button[@bounds='[42,2067][1038,2115]']
xpath criteria: //android.widget.Button[@bounds='[42,2067][1038,2115]']
xpath criteria: //android.widget.Button[@bounds='[42,2067][1038,2115]']
xpath criteria: //android.widget.Button[@bounds='[42,2067][1038,2115]']
xpath criteria: //android.widget.Button[@bounds='[42,2067][1038,2115]']
xpath criteria: //android.widget.Button[@bounds='[42,2067][1038,2115]']
xpath criteria: //android.widget.Button[@bounds='[42,2067][1038,2115]']
xpath criteria: //android.widget.Button[@bounds='[42,2067][1038,2115]']
xpath criteria: //android.widget.Button[@bounds='[42,2067][1038,2115]']</msg>
<status status="PASS" starttime="20230730 11:01:54.269" endtime="20230730 11:01:59.322"/>
</kw>
<kw name="Capture Page Screenshot" library="AppiumLibrary">
<arg>${Screenshots_Path}/Select App Language.png</arg>
<doc>Takes a screenshot of the current page and embeds it into the log.</doc>
<msg timestamp="20230730 11:01:59.809" level="INFO" html="true">&lt;/td&gt;&lt;/tr&gt;&lt;tr&gt;&lt;td colspan="3"&gt;&lt;a href="../Screenshots/Select%20App%20Language.png"&gt;&lt;img src="../Screenshots/Select%20App%20Language.png" width="800px"&gt;&lt;/a&gt;</msg>
<status status="PASS" starttime="20230730 11:01:59.322" endtime="20230730 11:01:59.810"/>
</kw>
<kw name="Click Element" library="AppiumLibrary">
<arg>${Select_App_Language_Continue}</arg>
<doc>Click element identified by `locator`.</doc>
<msg timestamp="20230730 11:01:59.814" level="INFO">Clicking element '//android.widget.Button[@bounds='[42,2067][1038,2115]']'.</msg>
<msg timestamp="20230730 11:02:00.997" level="INFO">xpath criteria: //android.widget.Button[@bounds='[42,2067][1038,2115]']</msg>
<status status="PASS" starttime="20230730 11:01:59.810" endtime="20230730 11:02:00.997"/>
</kw>
<kw name="Wait Until Element Is Visible" library="AppiumLibrary">
<arg>${Already_a_user_LogIn}</arg>
<arg>${Timeout}</arg>
<doc>Waits until element specified with `locator` is visible.</doc>
<msg timestamp="20230730 11:02:01.043" level="INFO">xpath criteria: //android.widget.TextView[@resource-id='com.dream11.fantasy.cricket.football.kabaddi:id/2131363972']</msg>
<status status="PASS" starttime="20230730 11:02:00.998" endtime="20230730 11:02:01.043"/>
</kw>
<kw name="Click Element" library="AppiumLibrary">
<arg>${Already_a_user_LogIn}</arg>
<doc>Click element identified by `locator`.</doc>
<msg timestamp="20230730 11:02:01.048" level="INFO">Clicking element '//android.widget.TextView[@resource-id='com.dream11.fantasy.cricket.football.kabaddi:id/2131363972']'.</msg>
<msg timestamp="20230730 11:02:02.001" level="INFO">xpath criteria: //android.widget.TextView[@resource-id='com.dream11.fantasy.cricket.football.kabaddi:id/2131363972']</msg>
<status status="PASS" starttime="20230730 11:02:01.043" endtime="20230730 11:02:02.001"/>
</kw>
<kw name="Wait Until Element Is Visible" library="AppiumLibrary">
<arg>${Login_Page_Enter_Mobile_No_Field}</arg>
<doc>Waits until element specified with `locator` is visible.</doc>
<msg timestamp="20230730 11:02:02.091" level="INFO">xpath criteria: //android.widget.EditText[@resource-id='mobile-email-edit-field']</msg>
<status status="PASS" starttime="20230730 11:02:02.001" endtime="20230730 11:02:02.091"/>
</kw>
<kw name="Capture Page Screenshot" library="AppiumLibrary">
<arg>${Screenshots_Path}/Dream11_Login_Page.png</arg>
<doc>Takes a screenshot of the current page and embeds it into the log.</doc>
<msg timestamp="20230730 11:02:02.409" level="INFO" html="true">&lt;/td&gt;&lt;/tr&gt;&lt;tr&gt;&lt;td colspan="3"&gt;&lt;a href="../Screenshots/Dream11_Login_Page.png"&gt;&lt;img src="../Screenshots/Dream11_Login_Page.png" width="800px"&gt;&lt;/a&gt;</msg>
<status status="PASS" starttime="20230730 11:02:02.091" endtime="20230730 11:02:02.410"/>
</kw>
<kw name="Input Text" library="AppiumLibrary">
<arg>${Login_Page_Enter_Mobile_No_Field}</arg>
<arg>${Login_Page_Enter_Mobile_No}</arg>
<doc>Types the given `text` into text field identified by `locator`.</doc>
<msg timestamp="20230730 11:02:02.413" level="INFO">Typing text '7019812355' into text field '//android.widget.EditText[@resource-id='mobile-email-edit-field']'</msg>
<msg timestamp="20230730 11:02:02.502" level="INFO">xpath criteria: //android.widget.EditText[@resource-id='mobile-email-edit-field']</msg>
<status status="PASS" starttime="20230730 11:02:02.410" endtime="20230730 11:02:02.502"/>
</kw>
<kw name="Click Element" library="AppiumLibrary">
<arg>${Login_Page_I_Confirm_IM_18_Checkbox}</arg>
<doc>Click element identified by `locator`.</doc>
<msg timestamp="20230730 11:02:02.505" level="INFO">Clicking element '//android.widget.CheckBox[@resource-id='age_verify_checkbox']'.</msg>
<msg timestamp="20230730 11:02:04.104" level="INFO">xpath criteria: //android.widget.CheckBox[@resource-id='age_verify_checkbox']</msg>
<status status="PASS" starttime="20230730 11:02:02.502" endtime="20230730 11:02:04.104"/>
</kw>
<kw name="Click Element" library="AppiumLibrary">
<arg>${Login_Page_Next}</arg>
<doc>Click element identified by `locator`.</doc>
<msg timestamp="20230730 11:02:04.107" level="INFO">Clicking element '//android.view.ViewGroup[@content-desc='btn_next']'.</msg>
<msg timestamp="20230730 11:02:04.911" level="INFO">xpath criteria: //android.view.ViewGroup[@content-desc='btn_next']</msg>
<status status="PASS" starttime="20230730 11:02:04.104" endtime="20230730 11:02:04.911"/>
</kw>
<kw name="Wait Until Element Is Visible" library="AppiumLibrary">
<arg>${Login_Page_Auto_Read_OTP_Allow}</arg>
<arg>${Timeout}</arg>
<doc>Waits until element specified with `locator` is visible.</doc>
<msg timestamp="20230730 11:02:13.309" level="INFO">xpath criteria: //android.widget.Button[@resource-id='com.google.android.gms:id/positive_button']
xpath criteria: //android.widget.Button[@resource-id='com.google.android.gms:id/positive_button']
xpath criteria: //android.widget.Button[@resource-id='com.google.android.gms:id/positive_button']
xpath criteria: //android.widget.Button[@resource-id='com.google.android.gms:id/positive_button']
xpath criteria: //android.widget.Button[@resource-id='com.google.android.gms:id/positive_button']
xpath criteria: //android.widget.Button[@resource-id='com.google.android.gms:id/positive_button']
xpath criteria: //android.widget.Button[@resource-id='com.google.android.gms:id/positive_button']
xpath criteria: //android.widget.Button[@resource-id='com.google.android.gms:id/positive_button']
xpath criteria: //android.widget.Button[@resource-id='com.google.android.gms:id/positive_button']
xpath criteria: //android.widget.Button[@resource-id='com.google.android.gms:id/positive_button']
xpath criteria: //android.widget.Button[@resource-id='com.google.android.gms:id/positive_button']
xpath criteria: //android.widget.Button[@resource-id='com.google.android.gms:id/positive_button']
xpath criteria: //android.widget.Button[@resource-id='com.google.android.gms:id/positive_button']
xpath criteria: //android.widget.Button[@resource-id='com.google.android.gms:id/positive_button']
xpath criteria: //android.widget.Button[@resource-id='com.google.android.gms:id/positive_button']</msg>
<status status="PASS" starttime="20230730 11:02:04.912" endtime="20230730 11:02:13.309"/>
</kw>
<kw name="Click Element" library="AppiumLibrary">
<arg>${Login_Page_Auto_Read_OTP_Allow}</arg>
<doc>Click element identified by `locator`.</doc>
<msg timestamp="20230730 11:02:13.312" level="INFO">Clicking element '//android.widget.Button[@resource-id='com.google.android.gms:id/positive_button']'.</msg>
<msg timestamp="20230730 11:02:13.401" level="INFO">xpath criteria: //android.widget.Button[@resource-id='com.google.android.gms:id/positive_button']</msg>
<status status="PASS" starttime="20230730 11:02:13.309" endtime="20230730 11:02:13.401"/>
</kw>
<kw name="Capture Page Screenshot" library="AppiumLibrary">
<arg>${Screenshots_Path}/Dream11_Login_WithOTP.png</arg>
<doc>Takes a screenshot of the current page and embeds it into the log.</doc>
<msg timestamp="20230730 11:02:13.698" level="INFO" html="true">&lt;/td&gt;&lt;/tr&gt;&lt;tr&gt;&lt;td colspan="3"&gt;&lt;a href="../Screenshots/Dream11_Login_WithOTP.png"&gt;&lt;img src="../Screenshots/Dream11_Login_WithOTP.png" width="800px"&gt;&lt;/a&gt;</msg>
<status status="PASS" starttime="20230730 11:02:13.401" endtime="20230730 11:02:13.698"/>
</kw>
<status status="PASS" starttime="20230730 11:01:54.269" endtime="20230730 11:02:13.698"/>
</kw>
<kw name="When Dream11 Home Page Is Displayed" library="Dream11">
<kw name="Wait Until Element Is Visible" library="AppiumLibrary">
<arg>${Dream11_Home_Page}</arg>
<arg>${Timeout}</arg>
<doc>Waits until element specified with `locator` is visible.</doc>
<msg timestamp="20230730 11:02:15.288" level="INFO">xpath criteria: //android.view.ViewGroup[@content-desc='tagCricket']
xpath criteria: //android.view.ViewGroup[@content-desc='tagCricket']</msg>
<status status="PASS" starttime="20230730 11:02:13.699" endtime="20230730 11:02:15.288"/>
</kw>
<kw name="Element Should Be Visible" library="AppiumLibrary">
<arg>${Dream11_Home_Page}</arg>
<doc>Verifies that element identified with locator is visible.</doc>
<msg timestamp="20230730 11:02:16.213" level="INFO">xpath criteria: //android.view.ViewGroup[@content-desc='tagCricket']</msg>
<status status="PASS" starttime="20230730 11:02:15.288" endtime="20230730 11:02:16.214"/>
</kw>
<kw name="Capture Page Screenshot" library="AppiumLibrary">
<arg>${Screenshots_Path}/Verify Dream11 Home Page.png</arg>
<doc>Takes a screenshot of the current page and embeds it into the log.</doc>
<msg timestamp="20230730 11:02:16.788" level="INFO" html="true">&lt;/td&gt;&lt;/tr&gt;&lt;tr&gt;&lt;td colspan="3"&gt;&lt;a href="../Screenshots/Verify%20Dream11%20Home%20Page.png"&gt;&lt;img src="../Screenshots/Verify%20Dream11%20Home%20Page.png" width="800px"&gt;&lt;/a&gt;</msg>
<status status="PASS" starttime="20230730 11:02:16.214" endtime="20230730 11:02:16.788"/>
</kw>
<status status="PASS" starttime="20230730 11:02:13.699" endtime="20230730 11:02:16.788"/>
</kw>
<kw name="Then Create Dream11 Cricket Team" library="Dream11">
<kw name="Click Element" library="AppiumLibrary">
<arg>${Home_Page_Cricket}</arg>
<doc>Click element identified by `locator`.</doc>
<msg timestamp="20230730 11:02:16.792" level="INFO">Clicking element '//android.view.ViewGroup[@content-desc='tagCricket']'.</msg>
<msg timestamp="20230730 11:02:18.731" level="INFO">xpath criteria: //android.view.ViewGroup[@content-desc='tagCricket']</msg>
<status status="PASS" starttime="20230730 11:02:16.789" endtime="20230730 11:02:18.731"/>
</kw>
<kw name="Click Element" library="AppiumLibrary">
<arg>${Select_Upcoming_Match}</arg>
<doc>Click element identified by `locator`.</doc>
<msg timestamp="20230730 11:02:18.735" level="INFO">Clicking element '//android.view.ViewGroup[@bounds='[225,1175][824,1543]']'.</msg>
<msg timestamp="20230730 11:02:19.499" level="INFO">xpath criteria: //android.view.ViewGroup[@bounds='[225,1175][824,1543]']</msg>
<status status="PASS" starttime="20230730 11:02:18.731" endtime="20230730 11:02:19.499"/>
</kw>
<kw name="Wait Until Element Is Visible" library="AppiumLibrary">
<arg>${Entry}</arg>
<arg>${Timeout}</arg>
<doc>Waits until element specified with `locator` is visible.</doc>
<msg timestamp="20230730 11:02:50.179" level="INFO">xpath criteria: //android.widget.TextView[@resource-id='sort_option_ENTRY']
xpath criteria: //android.widget.TextView[@resource-id='sort_option_ENTRY']</msg>
<status status="PASS" starttime="20230730 11:02:19.499" endtime="20230730 11:02:50.180"/>
</kw>
<kw name="Click Element" library="AppiumLibrary">
<arg>${Entry}</arg>
<doc>Click element identified by `locator`.</doc>
<msg timestamp="20230730 11:02:50.184" level="INFO">Clicking element '//android.widget.TextView[@resource-id='sort_option_ENTRY']'.</msg>
<msg timestamp="20230730 11:03:31.057" level="INFO">xpath criteria: //android.widget.TextView[@resource-id='sort_option_ENTRY']</msg>
<status status="PASS" starttime="20230730 11:02:50.180" endtime="20230730 11:03:31.057"/>
</kw>
<kw name="Wait Until Element Is Visible" library="AppiumLibrary">
<arg>${Entry_For_Free_Contestant}</arg>
<arg>${Timeout}</arg>
<doc>Waits until element specified with `locator` is visible.</doc>
<msg timestamp="20230730 11:04:01.480" level="INFO">xpath criteria: //android.widget.TextView[@resource-id='sort_option_ENTRY']</msg>
<status status="PASS" starttime="20230730 11:03:31.058" endtime="20230730 11:04:01.480"/>
</kw>
<kw name="Click Element" library="AppiumLibrary">
<arg>${Entry_For_Free_Contestant}</arg>
<doc>Click element identified by `locator`.</doc>
<msg timestamp="20230730 11:04:01.483" level="INFO">Clicking element '//android.widget.TextView[@resource-id='sort_option_ENTRY']'.</msg>
<msg timestamp="20230730 11:04:42.236" level="INFO">xpath criteria: //android.widget.TextView[@resource-id='sort_option_ENTRY']</msg>
<status status="PASS" starttime="20230730 11:04:01.480" endtime="20230730 11:04:42.236"/>
</kw>
<kw name="Capture Page Screenshot" library="AppiumLibrary">
<arg>${Screenshots_Path}/Join Match.png</arg>
<doc>Takes a screenshot of the current page and embeds it into the log.</doc>
<msg timestamp="20230730 11:04:42.632" level="INFO" html="true">&lt;/td&gt;&lt;/tr&gt;&lt;tr&gt;&lt;td colspan="3"&gt;&lt;a href="../Screenshots/Join%20Match.png"&gt;&lt;img src="../Screenshots/Join%20Match.png" width="800px"&gt;&lt;/a&gt;</msg>
<status status="PASS" starttime="20230730 11:04:42.236" endtime="20230730 11:04:42.632"/>
</kw>
<kw name="Click Element" library="AppiumLibrary">
<arg>${Join_Match}</arg>
<doc>Click element identified by `locator`.</doc>
<msg timestamp="20230730 11:04:42.635" level="INFO">Clicking element '//android.view.ViewGroup[@resource-id='btn_join_contest']'.</msg>
<msg timestamp="20230730 11:05:19.980" level="INFO">xpath criteria: //android.view.ViewGroup[@resource-id='btn_join_contest']</msg>
<status status="PASS" starttime="20230730 11:04:42.632" endtime="20230730 11:05:19.980"/>
</kw>
<kw name="Wait Until Element Is Visible" library="AppiumLibrary">
<arg>${Wicket_Keeper_1_Field}</arg>
<arg>${Timeout}</arg>
<doc>Waits until element specified with `locator` is visible.</doc>
<msg timestamp="20230730 11:05:20.247" level="INFO">xpath criteria: //android.widget.TextView[@resource-id='player_name'][1]</msg>
<status status="PASS" starttime="20230730 11:05:19.980" endtime="20230730 11:05:20.247"/>
</kw>
<kw name="Capture Page Screenshot" library="AppiumLibrary">
<arg>${Screenshots_Path}/Players Selectio Page.png</arg>
<doc>Takes a screenshot of the current page and embeds it into the log.</doc>
<msg timestamp="20230730 11:05:20.666" level="INFO" html="true">&lt;/td&gt;&lt;/tr&gt;&lt;tr&gt;&lt;td colspan="3"&gt;&lt;a href="../Screenshots/Players%20Selectio%20Page.png"&gt;&lt;img src="../Screenshots/Players%20Selectio%20Page.png" width="800px"&gt;&lt;/a&gt;</msg>
<status status="PASS" starttime="20230730 11:05:20.247" endtime="20230730 11:05:20.666"/>
</kw>
<kw name="Get Text" library="AppiumLibrary">
<var>${Wicket_Keeper_1}</var>
<arg>${Wicket_Keeper_1_Field}</arg>
<doc>Get element text (for hybrid and mobile browser use `xpath` locator, others might cause problem)</doc>
<msg timestamp="20230730 11:05:20.897" level="INFO">Element '//android.widget.TextView[@resource-id='player_name'][1]' text is 'S Hope' </msg>
<msg timestamp="20230730 11:05:20.897" level="INFO">xpath criteria: //android.widget.TextView[@resource-id='player_name'][1]</msg>
<msg timestamp="20230730 11:05:20.898" level="INFO">${Wicket_Keeper_1} = S Hope</msg>
<status status="PASS" starttime="20230730 11:05:20.666" endtime="20230730 11:05:20.898"/>
</kw>
<kw name="Log" library="BuiltIn">
<arg>${Wicket_Keeper_1}</arg>
<doc>Logs the given message with the given level.</doc>
<msg timestamp="20230730 11:05:20.898" level="INFO">S Hope</msg>
<status status="PASS" starttime="20230730 11:05:20.898" endtime="20230730 11:05:20.898"/>
</kw>
<kw name="Set Suite Variable" library="BuiltIn">
<arg>${Wicket_Keeper_1}</arg>
<doc>Makes a variable available everywhere within the scope of the current suite.</doc>
<msg timestamp="20230730 11:05:20.898" level="INFO">${Wicket_Keeper_1} = S Hope</msg>
<status status="PASS" starttime="20230730 11:05:20.898" endtime="20230730 11:05:20.898"/>
</kw>
<kw name="Click Element" library="AppiumLibrary">
<arg>${Wicket_Keeper_1_Add}</arg>
<doc>Click element identified by `locator`.</doc>
<msg timestamp="20230730 11:05:20.902" level="INFO">Clicking element '//android.view.ViewGroup[@resource-id='add-remove-player-button'][1]'.</msg>
<msg timestamp="20230730 11:05:21.155" level="INFO">xpath criteria: //android.view.ViewGroup[@resource-id='add-remove-player-button'][1]</msg>
<status status="PASS" starttime="20230730 11:05:20.898" endtime="20230730 11:05:21.155"/>
</kw>
<kw name="Get Text" library="AppiumLibrary">
<var>${Wicket_Keeper_2}</var>
<arg>${Wicket_Keeper_2_Field}</arg>
<doc>Get element text (for hybrid and mobile browser use `xpath` locator, others might cause problem)</doc>
<msg timestamp="20230730 11:05:21.844" level="INFO">Element '//android.widget.TextView[@bounds='[221,1144][363,1197]']' text is 'I Kishan' </msg>
<msg timestamp="20230730 11:05:21.844" level="INFO">xpath criteria: //android.widget.TextView[@bounds='[221,1144][363,1197]']</msg>
<msg timestamp="20230730 11:05:21.844" level="INFO">${Wicket_Keeper_2} = I Kishan</msg>
<status status="PASS" starttime="20230730 11:05:21.155" endtime="20230730 11:05:21.844"/>
</kw>
<kw name="Log" library="BuiltIn">
<arg>${Wicket_Keeper_2}</arg>
<doc>Logs the given message with the given level.</doc>
<msg timestamp="20230730 11:05:21.844" level="INFO">I Kishan</msg>
<status status="PASS" starttime="20230730 11:05:21.844" endtime="20230730 11:05:21.844"/>
</kw>
<kw name="Set Suite Variable" library="BuiltIn">
<arg>${Wicket_Keeper_2}</arg>
<doc>Makes a variable available everywhere within the scope of the current suite.</doc>
<msg timestamp="20230730 11:05:21.845" level="INFO">${Wicket_Keeper_2} = I Kishan</msg>
<status status="PASS" starttime="20230730 11:05:21.844" endtime="20230730 11:05:21.845"/>
</kw>
<kw name="Click Element" library="AppiumLibrary">
<arg>${Wicket_Keeper_2_Add}</arg>
<doc>Click element identified by `locator`.</doc>
<msg timestamp="20230730 11:05:21.848" level="INFO">Clicking element '//android.view.ViewGroup[@bounds='[973,1155][1036,1218]']'.</msg>
<msg timestamp="20230730 11:05:22.075" level="INFO">xpath criteria: //android.view.ViewGroup[@bounds='[973,1155][1036,1218]']</msg>
<status status="PASS" starttime="20230730 11:05:21.845" endtime="20230730 11:05:22.075"/>
</kw>
<kw name="Capture Page Screenshot" library="AppiumLibrary">
<arg>${Screenshots_Path}/Selection of Wicket keeper to the Team.png</arg>
<doc>Takes a screenshot of the current page and embeds it into the log.</doc>
<msg timestamp="20230730 11:05:22.499" level="INFO" html="true">&lt;/td&gt;&lt;/tr&gt;&lt;tr&gt;&lt;td colspan="3"&gt;&lt;a href="../Screenshots/Selection%20of%20Wicket%20keeper%20to%20the%20Team.png"&gt;&lt;img src="../Screenshots/Selection%20of%20Wicket%20keeper%20to%20the%20Team.png" width="800px"&gt;&lt;/a&gt;</msg>
<status status="PASS" starttime="20230730 11:05:22.075" endtime="20230730 11:05:22.499"/>
</kw>
<kw name="Click Element" library="AppiumLibrary">
<arg>${Batter}</arg>
<doc>Click element identified by `locator`.</doc>
<msg timestamp="20230730 11:05:22.502" level="INFO">Clicking element '//android.view.ViewGroup[@resource-id='btnBAT']'.</msg>
<msg timestamp="20230730 11:05:22.959" level="INFO">xpath criteria: //android.view.ViewGroup[@resource-id='btnBAT']</msg>
<status status="PASS" starttime="20230730 11:05:22.499" endtime="20230730 11:05:22.959"/>
</kw>
<kw name="Wait Until Element Is Visible" library="AppiumLibrary">
<arg>${Batter_1_Field}</arg>
<arg>${Timeout}</arg>
<doc>Waits until element specified with `locator` is visible.</doc>
<msg timestamp="20230730 11:05:24.006" level="INFO">xpath criteria: //android.widget.TextView[@resource-id='player_name'][1]</msg>
<status status="PASS" starttime="20230730 11:05:22.959" endtime="20230730 11:05:24.006"/>
</kw>
<kw name="Get Text" library="AppiumLibrary">
<var>${Batter_1}</var>
<arg>${Batter_1_Field}</arg>
<doc>Get element text (for hybrid and mobile browser use `xpath` locator, others might cause problem)</doc>
<msg timestamp="20230730 11:05:24.272" level="INFO">Element '//android.widget.TextView[@resource-id='player_name'][1]' text is 'R Sharma' </msg>
<msg timestamp="20230730 11:05:24.273" level="INFO">xpath criteria: //android.widget.TextView[@resource-id='player_name'][1]</msg>
<msg timestamp="20230730 11:05:24.273" level="INFO">${Batter_1} = R Sharma</msg>
<status status="PASS" starttime="20230730 11:05:24.006" endtime="20230730 11:05:24.273"/>
</kw>
<kw name="Log" library="BuiltIn">
<arg>${Batter_1}</arg>
<doc>Logs the given message with the given level.</doc>
<msg timestamp="20230730 11:05:24.273" level="INFO">R Sharma</msg>
<status status="PASS" starttime="20230730 11:05:24.273" endtime="20230730 11:05:24.273"/>
</kw>
<kw name="Set Suite Variable" library="BuiltIn">
<arg>${Batter_1}</arg>
<doc>Makes a variable available everywhere within the scope of the current suite.</doc>
<msg timestamp="20230730 11:05:24.275" level="INFO">${Batter_1} = R Sharma</msg>
<status status="PASS" starttime="20230730 11:05:24.274" endtime="20230730 11:05:24.276"/>
</kw>
<kw name="Click Element" library="AppiumLibrary">
<arg>${Batter_1_Add}</arg>
<doc>Click element identified by `locator`.</doc>
<msg timestamp="20230730 11:05:24.279" level="INFO">Clicking element '//android.view.ViewGroup[@resource-id='add-remove-player-button'][1]'.</msg>
<msg timestamp="20230730 11:05:24.564" level="INFO">xpath criteria: //android.view.ViewGroup[@resource-id='add-remove-player-button'][1]</msg>
<status status="PASS" starttime="20230730 11:05:24.276" endtime="20230730 11:05:24.564"/>
</kw>
<kw name="Get Text" library="AppiumLibrary">
<var>${Batter_2}</var>
<arg>${Batter_2_Field}</arg>
<doc>Get element text (for hybrid and mobile browser use `xpath` locator, others might cause problem)</doc>
<msg timestamp="20230730 11:05:25.233" level="INFO">Element '//android.widget.TextView[@bounds='[221,1144][347,1197]']' text is 'V Kohli' </msg>
<msg timestamp="20230730 11:05:25.233" level="INFO">xpath criteria: //android.widget.TextView[@bounds='[221,1144][347,1197]']</msg>
<msg timestamp="20230730 11:05:25.233" level="INFO">${Batter_2} = V Kohli</msg>
<status status="PASS" starttime="20230730 11:05:24.565" endtime="20230730 11:05:25.233"/>
</kw>
<kw name="Log" library="BuiltIn">
<arg>${Batter_2}</arg>
<doc>Logs the given message with the given level.</doc>
<msg timestamp="20230730 11:05:25.233" level="INFO">V Kohli</msg>
<status status="PASS" starttime="20230730 11:05:25.233" endtime="20230730 11:05:25.233"/>
</kw>
<kw name="Set Suite Variable" library="BuiltIn">
<arg>${Batter_2}</arg>
<doc>Makes a variable available everywhere within the scope of the current suite.</doc>
<msg timestamp="20230730 11:05:25.233" level="INFO">${Batter_2} = V Kohli</msg>
<status status="PASS" starttime="20230730 11:05:25.233" endtime="20230730 11:05:25.234"/>
</kw>
<kw name="Click Element" library="AppiumLibrary">
<arg>${Batter_2_Add}</arg>
<doc>Click element identified by `locator`.</doc>
<msg timestamp="20230730 11:05:25.237" level="INFO">Clicking element '//android.view.ViewGroup[@bounds='[973,1155][1036,1218]']'.</msg>
<msg timestamp="20230730 11:05:25.549" level="INFO">xpath criteria: //android.view.ViewGroup[@bounds='[973,1155][1036,1218]']</msg>
<status status="PASS" starttime="20230730 11:05:25.234" endtime="20230730 11:05:25.549"/>
</kw>
<kw name="Get Text" library="AppiumLibrary">
<var>${Batter_3}</var>
<arg>${Batter_3_Field}</arg>
<doc>Get element text (for hybrid and mobile browser use `xpath` locator, others might cause problem)</doc>
<msg timestamp="20230730 11:05:26.217" level="INFO">Element '//android.widget.TextView[@bounds='[221,1335][314,1388]']' text is 'S Gill' </msg>
<msg timestamp="20230730 11:05:26.217" level="INFO">xpath criteria: //android.widget.TextView[@bounds='[221,1335][314,1388]']</msg>
<msg timestamp="20230730 11:05:26.217" level="INFO">${Batter_3} = S Gill</msg>
<status status="PASS" starttime="20230730 11:05:25.549" endtime="20230730 11:05:26.217"/>
</kw>
<kw name="Log" library="BuiltIn">
<arg>${Batter_3}</arg>
<doc>Logs the given message with the given level.</doc>
<msg timestamp="20230730 11:05:26.217" level="INFO">S Gill</msg>
<status status="PASS" starttime="20230730 11:05:26.217" endtime="20230730 11:05:26.217"/>
</kw>
<kw name="Set Suite Variable" library="BuiltIn">
<arg>${Batter_3}</arg>
<doc>Makes a variable available everywhere within the scope of the current suite.</doc>
<msg timestamp="20230730 11:05:26.218" level="INFO">${Batter_3} = S Gill</msg>
<status status="PASS" starttime="20230730 11:05:26.218" endtime="20230730 11:05:26.218"/>
</kw>
<kw name="Click Element" library="AppiumLibrary">
<arg>${Batter_3_Add}</arg>
<doc>Click element identified by `locator`.</doc>
<msg timestamp="20230730 11:05:26.221" level="INFO">Clicking element '//android.view.ViewGroup[@bounds='[973,1346][1036,1409]']'.</msg>
<msg timestamp="20230730 11:05:26.514" level="INFO">xpath criteria: //android.view.ViewGroup[@bounds='[973,1346][1036,1409]']</msg>
<status status="PASS" starttime="20230730 11:05:26.218" endtime="20230730 11:05:26.514"/>
</kw>
<kw name="Get Text" library="AppiumLibrary">
<var>${Batter_4}</var>
<arg>${Batter_4_Field}</arg>
<doc>Get element text (for hybrid and mobile browser use `xpath` locator, others might cause problem)</doc>
<msg timestamp="20230730 11:05:27.177" level="INFO">Element '//android.widget.TextView[@bounds='[221,1527][403,1580]']' text is 'S Hetmyer' </msg>
<msg timestamp="20230730 11:05:27.177" level="INFO">xpath criteria: //android.widget.TextView[@bounds='[221,1527][403,1580]']</msg>
<msg timestamp="20230730 11:05:27.177" level="INFO">${Batter_4} = S Hetmyer</msg>
<status status="PASS" starttime="20230730 11:05:26.514" endtime="20230730 11:05:27.177"/>
</kw>
<kw name="Log" library="BuiltIn">
<arg>${Batter_4}</arg>
<doc>Logs the given message with the given level.</doc>
<msg timestamp="20230730 11:05:27.177" level="INFO">S Hetmyer</msg>
<status status="PASS" starttime="20230730 11:05:27.177" endtime="20230730 11:05:27.177"/>
</kw>
<kw name="Set Suite Variable" library="BuiltIn">
<arg>${Batter_4}</arg>
<doc>Makes a variable available everywhere within the scope of the current suite.</doc>
<msg timestamp="20230730 11:05:27.178" level="INFO">${Batter_4} = S Hetmyer</msg>
<status status="PASS" starttime="20230730 11:05:27.177" endtime="20230730 11:05:27.178"/>
</kw>
<kw name="Click Element" library="AppiumLibrary">
<arg>${Batter_4_Add}</arg>
<doc>Click element identified by `locator`.</doc>
<msg timestamp="20230730 11:05:27.181" level="INFO">Clicking element '//android.view.ViewGroup[@bounds='[973,1538][1036,1601]']'.</msg>
<msg timestamp="20230730 11:05:27.451" level="INFO">xpath criteria: //android.view.ViewGroup[@bounds='[973,1538][1036,1601]']</msg>
<status status="PASS" starttime="20230730 11:05:27.178" endtime="20230730 11:05:27.451"/>
</kw>
<kw name="Capture Page Screenshot" library="AppiumLibrary">
<arg>${Screenshots_Path}/Selection of Batter to the Team.png</arg>
<doc>Takes a screenshot of the current page and embeds it into the log.</doc>
<msg timestamp="20230730 11:05:27.917" level="INFO" html="true">&lt;/td&gt;&lt;/tr&gt;&lt;tr&gt;&lt;td colspan="3"&gt;&lt;a href="../Screenshots/Selection%20of%20Batter%20to%20the%20Team.png"&gt;&lt;img src="../Screenshots/Selection%20of%20Batter%20to%20the%20Team.png" width="800px"&gt;&lt;/a&gt;</msg>
<status status="PASS" starttime="20230730 11:05:27.451" endtime="20230730 11:05:27.918"/>
</kw>
<kw name="Click Element" library="AppiumLibrary">
<arg>${All_Rounders}</arg>
<doc>Click element identified by `locator`.</doc>
<msg timestamp="20230730 11:05:27.921" level="INFO">Clicking element '//android.view.ViewGroup[@resource-id='btnAR']'.</msg>
<msg timestamp="20230730 11:05:29.158" level="INFO">xpath criteria: //android.view.ViewGroup[@resource-id='btnAR']</msg>
<status status="PASS" starttime="20230730 11:05:27.918" endtime="20230730 11:05:29.158"/>
</kw>
<kw name="Wait Until Element Is Visible" library="AppiumLibrary">
<arg>${All_Rounders_1_Field}</arg>
<arg>${Timeout}</arg>
<doc>Waits until element specified with `locator` is visible.</doc>
<msg timestamp="20230730 11:05:29.428" level="INFO">xpath criteria: //android.widget.TextView[@resource-id='player_name'][1]</msg>
<status status="PASS" starttime="20230730 11:05:29.159" endtime="20230730 11:05:29.428"/>
</kw>
<kw name="Get Text" library="AppiumLibrary">
<var>${All_Rounders_1}</var>
<arg>${All_Rounders_1_Field}</arg>
<doc>Get element text (for hybrid and mobile browser use `xpath` locator, others might cause problem)</doc>
<msg timestamp="20230730 11:05:29.673" level="INFO">Element '//android.widget.TextView[@resource-id='player_name'][1]' text is 'H Pandya' </msg>
<msg timestamp="20230730 11:05:29.673" level="INFO">xpath criteria: //android.widget.TextView[@resource-id='player_name'][1]</msg>
<msg timestamp="20230730 11:05:29.673" level="INFO">${All_Rounders_1} = H Pandya</msg>
<status status="PASS" starttime="20230730 11:05:29.428" endtime="20230730 11:05:29.673"/>
</kw>
<kw name="Log" library="BuiltIn">
<arg>${All_Rounders_1}</arg>
<doc>Logs the given message with the given level.</doc>
<msg timestamp="20230730 11:05:29.673" level="INFO">H Pandya</msg>
<status status="PASS" starttime="20230730 11:05:29.673" endtime="20230730 11:05:29.673"/>
</kw>
<kw name="Set Suite Variable" library="BuiltIn">
<arg>${All_Rounders_1}</arg>
<doc>Makes a variable available everywhere within the scope of the current suite.</doc>
<msg timestamp="20230730 11:05:29.674" level="INFO">${All_Rounders_1} = H Pandya</msg>
<status status="PASS" starttime="20230730 11:05:29.673" endtime="20230730 11:05:29.674"/>
</kw>
<kw name="Click Element" library="AppiumLibrary">
<arg>${All_Rounders_1_Add}</arg>
<doc>Click element identified by `locator`.</doc>
<msg timestamp="20230730 11:05:29.679" level="INFO">Clicking element '//android.view.ViewGroup[@resource-id='add-remove-player-button'][1]'.</msg>
<msg timestamp="20230730 11:05:29.974" level="INFO">xpath criteria: //android.view.ViewGroup[@resource-id='add-remove-player-button'][1]</msg>
<status status="PASS" starttime="20230730 11:05:29.674" endtime="20230730 11:05:29.974"/>
</kw>
<kw name="Get Text" library="AppiumLibrary">
<var>${All_Rounders_2}</var>
<arg>${All_Rounders_2_Field}</arg>
<doc>Get element text (for hybrid and mobile browser use `xpath` locator, others might cause problem)</doc>
<msg timestamp="20230730 11:05:30.622" level="INFO">Element '//android.widget.TextView[@bounds='[221,1144][374,1197]']' text is 'R Jadeja' </msg>
<msg timestamp="20230730 11:05:30.622" level="INFO">xpath criteria: //android.widget.TextView[@bounds='[221,1144][374,1197]']</msg>
<msg timestamp="20230730 11:05:30.622" level="INFO">${All_Rounders_2} = R Jadeja</msg>
<status status="PASS" starttime="20230730 11:05:29.974" endtime="20230730 11:05:30.622"/>
</kw>
<kw name="Log" library="BuiltIn">
<arg>${All_Rounders_2}</arg>
<doc>Logs the given message with the given level.</doc>
<msg timestamp="20230730 11:05:30.622" level="INFO">R Jadeja</msg>
<status status="PASS" starttime="20230730 11:05:30.622" endtime="20230730 11:05:30.622"/>
</kw>
<kw name="Set Suite Variable" library="BuiltIn">
<arg>${All_Rounders_2}</arg>
<doc>Makes a variable available everywhere within the scope of the current suite.</doc>
<msg timestamp="20230730 11:05:30.622" level="INFO">${All_Rounders_2} = R Jadeja</msg>
<status status="PASS" starttime="20230730 11:05:30.622" endtime="20230730 11:05:30.623"/>
</kw>
<kw name="Click Element" library="AppiumLibrary">
<arg>${All_Rounders_2_Add}</arg>
<doc>Click element identified by `locator`.</doc>
<msg timestamp="20230730 11:05:30.625" level="INFO">Clicking element '//android.view.ViewGroup[@bounds='[973,1155][1036,1218]']'.</msg>
<msg timestamp="20230730 11:05:30.889" level="INFO">xpath criteria: //android.view.ViewGroup[@bounds='[973,1155][1036,1218]']</msg>
<status status="PASS" starttime="20230730 11:05:30.623" endtime="20230730 11:05:30.889"/>
</kw>
<kw name="Capture Page Screenshot" library="AppiumLibrary">
<arg>${Screenshots_Path}/Selection of All Rounders to the Team.png</arg>
<doc>Takes a screenshot of the current page and embeds it into the log.</doc>
<msg timestamp="20230730 11:05:31.323" level="INFO" html="true">&lt;/td&gt;&lt;/tr&gt;&lt;tr&gt;&lt;td colspan="3"&gt;&lt;a href="../Screenshots/Selection%20of%20All%20Rounders%20to%20the%20Team.png"&gt;&lt;img src="../Screenshots/Selection%20of%20All%20Rounders%20to%20the%20Team.png" width="800px"&gt;&lt;/a&gt;</msg>
<status status="PASS" starttime="20230730 11:05:30.889" endtime="20230730 11:05:31.323"/>
</kw>
<kw name="Click Element" library="AppiumLibrary">
<arg>${Bowlers}</arg>
<doc>Click element identified by `locator`.</doc>
<msg timestamp="20230730 11:05:31.326" level="INFO">Clicking element '//android.view.ViewGroup[@resource-id='btnBOWL']'.</msg>
<msg timestamp="20230730 11:05:31.826" level="INFO">xpath criteria: //android.view.ViewGroup[@resource-id='btnBOWL']</msg>
<status status="PASS" starttime="20230730 11:05:31.323" endtime="20230730 11:05:31.826"/>
</kw>
<kw name="Wait Until Element Is Visible" library="AppiumLibrary">
<arg>${Bowlers_1_Field}</arg>
<arg>${Timeout}</arg>
<doc>Waits until element specified with `locator` is visible.</doc>
<msg timestamp="20230730 11:05:32.821" level="INFO">xpath criteria: //android.widget.TextView[@resource-id='player_name'][1]</msg>
<status status="PASS" starttime="20230730 11:05:31.826" endtime="20230730 11:05:32.821"/>
</kw>
<kw name="Get Text" library="AppiumLibrary">
<var>${Bowlers_1}</var>
<arg>${Bowlers_1_Field}</arg>
<doc>Get element text (for hybrid and mobile browser use `xpath` locator, others might cause problem)</doc>
<msg timestamp="20230730 11:05:33.089" level="INFO">Element '//android.widget.TextView[@resource-id='player_name'][1]' text is 'A Joseph' </msg>
<msg timestamp="20230730 11:05:33.090" level="INFO">xpath criteria: //android.widget.TextView[@resource-id='player_name'][1]</msg>
<msg timestamp="20230730 11:05:33.090" level="INFO">${Bowlers_1} = A Joseph</msg>
<status status="PASS" starttime="20230730 11:05:32.821" endtime="20230730 11:05:33.090"/>
</kw>
<kw name="Log" library="BuiltIn">
<arg>${Bowlers_1}</arg>
<doc>Logs the given message with the given level.</doc>
<msg timestamp="20230730 11:05:33.090" level="INFO">A Joseph</msg>
<status status="PASS" starttime="20230730 11:05:33.090" endtime="20230730 11:05:33.090"/>
</kw>
<kw name="Set Suite Variable" library="BuiltIn">
<arg>${Bowlers_1}</arg>
<doc>Makes a variable available everywhere within the scope of the current suite.</doc>
<msg timestamp="20230730 11:05:33.090" level="INFO">${Bowlers_1} = A Joseph</msg>
<status status="PASS" starttime="20230730 11:05:33.090" endtime="20230730 11:05:33.090"/>
</kw>
<kw name="Click Element" library="AppiumLibrary">
<arg>${Bowlers_1_Add}</arg>
<doc>Click element identified by `locator`.</doc>
<msg timestamp="20230730 11:05:33.094" level="INFO">Clicking element '//android.view.ViewGroup[@resource-id='add-remove-player-button'][1]'.</msg>
<msg timestamp="20230730 11:05:33.446" level="INFO">xpath criteria: //android.view.ViewGroup[@resource-id='add-remove-player-button'][1]</msg>
<status status="PASS" starttime="20230730 11:05:33.090" endtime="20230730 11:05:33.446"/>
</kw>
<kw name="Get Text" library="AppiumLibrary">
<var>${Bowlers_2}</var>
<arg>${Bowlers_2_Field}</arg>
<doc>Get element text (for hybrid and mobile browser use `xpath` locator, others might cause problem)</doc>
<msg timestamp="20230730 11:05:34.106" level="INFO">Element '//android.widget.TextView[@bounds='[221,1144][364,1197]']' text is 'K Yadav' </msg>
<msg timestamp="20230730 11:05:34.107" level="INFO">xpath criteria: //android.widget.TextView[@bounds='[221,1144][364,1197]']</msg>
<msg timestamp="20230730 11:05:34.107" level="INFO">${Bowlers_2} = K Yadav</msg>
<status status="PASS" starttime="20230730 11:05:33.446" endtime="20230730 11:05:34.107"/>
</kw>
<kw name="Log" library="BuiltIn">
<arg>${Bowlers_2}</arg>
<doc>Logs the given message with the given level.</doc>
<msg timestamp="20230730 11:05:34.107" level="INFO">K Yadav</msg>
<status status="PASS" starttime="20230730 11:05:34.107" endtime="20230730 11:05:34.107"/>
</kw>
<kw name="Set Suite Variable" library="BuiltIn">
<arg>${Bowlers_2}</arg>
<doc>Makes a variable available everywhere within the scope of the current suite.</doc>
<msg timestamp="20230730 11:05:34.107" level="INFO">${Bowlers_2} = K Yadav</msg>
<status status="PASS" starttime="20230730 11:05:34.107" endtime="20230730 11:05:34.107"/>
</kw>
<kw name="Click Element" library="AppiumLibrary">
<arg>${Bowlers_2_Add}</arg>
<doc>Click element identified by `locator`.</doc>
<msg timestamp="20230730 11:05:34.110" level="INFO">Clicking element '//android.view.ViewGroup[@bounds='[973,1155][1036,1218]']'.</msg>
<msg timestamp="20230730 11:05:34.380" level="INFO">xpath criteria: //android.view.ViewGroup[@bounds='[973,1155][1036,1218]']</msg>
<status status="PASS" starttime="20230730 11:05:34.107" endtime="20230730 11:05:34.380"/>
</kw>
<kw name="Get Text" library="AppiumLibrary">
<var>${Bowlers_3}</var>
<arg>${Bowlers_3_Field}</arg>
<doc>Get element text (for hybrid and mobile browser use `xpath` locator, others might cause problem)</doc>
<msg timestamp="20230730 11:05:35.052" level="INFO">Element '//android.widget.TextView[@bounds='[221,1335][378,1388]']' text is 'Y Chahal' </msg>
<msg timestamp="20230730 11:05:35.052" level="INFO">xpath criteria: //android.widget.TextView[@bounds='[221,1335][378,1388]']</msg>
<msg timestamp="20230730 11:05:35.052" level="INFO">${Bowlers_3} = Y Chahal</msg>
<status status="PASS" starttime="20230730 11:05:34.380" endtime="20230730 11:05:35.052"/>
</kw>
<kw name="Log" library="BuiltIn">
<arg>${Bowlers_3}</arg>
<doc>Logs the given message with the given level.</doc>
<msg timestamp="20230730 11:05:35.052" level="INFO">Y Chahal</msg>
<status status="PASS" starttime="20230730 11:05:35.052" endtime="20230730 11:05:35.052"/>
</kw>
<kw name="Set Suite Variable" library="BuiltIn">
<arg>${Bowlers_3}</arg>
<doc>Makes a variable available everywhere within the scope of the current suite.</doc>
<msg timestamp="20230730 11:05:35.052" level="INFO">${Bowlers_3} = Y Chahal</msg>
<status status="PASS" starttime="20230730 11:05:35.052" endtime="20230730 11:05:35.052"/>
</kw>
<kw name="Click Element" library="AppiumLibrary">
<arg>${Bowlers_3_Add}</arg>
<doc>Click element identified by `locator`.</doc>
<msg timestamp="20230730 11:05:35.055" level="INFO">Clicking element '//android.view.ViewGroup[@bounds='[973,1346][1036,1409]']'.</msg>
<msg timestamp="20230730 11:05:35.349" level="INFO">xpath criteria: //android.view.ViewGroup[@bounds='[973,1346][1036,1409]']</msg>
<status status="PASS" starttime="20230730 11:05:35.052" endtime="20230730 11:05:35.349"/>
</kw>
<kw name="Capture Page Screenshot" library="AppiumLibrary">
<arg>${Screenshots_Path}/Selection of Bowlers to the Team.png</arg>
<doc>Takes a screenshot of the current page and embeds it into the log.</doc>
<msg timestamp="20230730 11:05:35.777" level="INFO" html="true">&lt;/td&gt;&lt;/tr&gt;&lt;tr&gt;&lt;td colspan="3"&gt;&lt;a href="../Screenshots/Selection%20of%20Bowlers%20to%20the%20Team.png"&gt;&lt;img src="../Screenshots/Selection%20of%20Bowlers%20to%20the%20Team.png" width="800px"&gt;&lt;/a&gt;</msg>
<status status="PASS" starttime="20230730 11:05:35.349" endtime="20230730 11:05:35.777"/>
</kw>
<kw name="Click Element" library="AppiumLibrary">
<arg>${Next}</arg>
<doc>Click element identified by `locator`.</doc>
<msg timestamp="20230730 11:05:35.783" level="INFO">Clicking element '//android.view.ViewGroup[@resource-id='create-team-NEXT-button']'.</msg>
<msg timestamp="20230730 11:05:36.304" level="INFO">xpath criteria: //android.view.ViewGroup[@resource-id='create-team-NEXT-button']</msg>
<status status="PASS" starttime="20230730 11:05:35.777" endtime="20230730 11:05:36.304"/>
</kw>
<kw name="Wait Until Element Is Visible" library="AppiumLibrary">
<arg>${Choose_Captain_And_ViceCaptain_Page}</arg>
<arg>${Timeout}</arg>
<doc>Waits until element specified with `locator` is visible.</doc>
<msg timestamp="20230730 11:05:37.650" level="INFO">xpath criteria: //android.widget.TextView[@resource-id='special-players-header-text']
xpath criteria: //android.widget.TextView[@resource-id='special-players-header-text']</msg>
<status status="PASS" starttime="20230730 11:05:36.304" endtime="20230730 11:05:37.650"/>
</kw>
<kw name="Click Element" library="AppiumLibrary">
<arg>${Select_Captain}</arg>
<doc>Click element identified by `locator`.</doc>
<msg timestamp="20230730 11:05:37.655" level="INFO">Clicking element '//android.view.ViewGroup[@bounds='[680,968][775,1063]']'.</msg>
<msg timestamp="20230730 11:05:37.900" level="INFO">xpath criteria: //android.view.ViewGroup[@bounds='[680,968][775,1063]']</msg>
<status status="PASS" starttime="20230730 11:05:37.650" endtime="20230730 11:05:37.900"/>
</kw>
<kw name="Click Element" library="AppiumLibrary">
<arg>${Select_ViceCaptain}</arg>
<doc>Click element identified by `locator`.</doc>
<msg timestamp="20230730 11:05:37.904" level="INFO">Clicking element '//android.view.ViewGroup[@bounds='[888,1167][982,1261]']'.</msg>
<msg timestamp="20230730 11:05:38.620" level="INFO">xpath criteria: //android.view.ViewGroup[@bounds='[888,1167][982,1261]']</msg>
<status status="PASS" starttime="20230730 11:05:37.901" endtime="20230730 11:05:38.620"/>
</kw>
<kw name="Capture Page Screenshot" library="AppiumLibrary">
<arg>${Screenshots_Path}/Selection of Captain and Vice Captain for the Team.png</arg>
<doc>Takes a screenshot of the current page and embeds it into the log.</doc>
<msg timestamp="20230730 11:05:39.073" level="INFO" html="true">&lt;/td&gt;&lt;/tr&gt;&lt;tr&gt;&lt;td colspan="3"&gt;&lt;a href="../Screenshots/Selection%20of%20Captain%20and%20Vice%20Captain%20for%20the%20Team.png"&gt;&lt;img src="../Screenshots/Selection%20of%20Captain%20and%20Vice%20Captain%20for%20the%20Team.png" width="800px"&gt;&lt;/a&gt;</msg>
<status status="PASS" starttime="20230730 11:05:38.620" endtime="20230730 11:05:39.073"/>
</kw>
<status status="PASS" starttime="20230730 11:02:16.789" endtime="20230730 11:05:39.073"/>
</kw>
<kw name="And Validate All The Team Players" library="Dream11">
<kw name="Click Element" library="AppiumLibrary">
<arg>${Preview_Players}</arg>
<doc>Click element identified by `locator`.</doc>
<msg timestamp="20230730 11:05:39.077" level="INFO">Clicking element '//android.view.ViewGroup[@resource-id='team_preview_icon']'.</msg>
<msg timestamp="20230730 11:05:39.506" level="INFO">xpath criteria: //android.view.ViewGroup[@resource-id='team_preview_icon']</msg>
<status status="PASS" starttime="20230730 11:05:39.074" endtime="20230730 11:05:39.506"/>
</kw>
<kw name="Wait Until Element Is Visible" library="AppiumLibrary">
<arg>${Team_LineUp_Page}</arg>
<arg>${Timeout}</arg>
<doc>Waits until element specified with `locator` is visible.</doc>
<msg timestamp="20230730 11:05:40.888" level="INFO">xpath criteria: //android.widget.TextView[@resource-id='teamName']
xpath criteria: //android.widget.TextView[@resource-id='teamName']</msg>
<status status="PASS" starttime="20230730 11:05:39.506" endtime="20230730 11:05:40.888"/>
</kw>
<kw name="Get Text" library="AppiumLibrary">
<var>${Wicket_Keeper_1_Validate}</var>
<arg>${Wicket_Keeper_1_Validate_Field}</arg>
<doc>Get element text (for hybrid and mobile browser use `xpath` locator, others might cause problem)</doc>
<msg timestamp="20230730 11:05:41.278" level="INFO">Element '//android.widget.TextView[@bounds='[239,638][343,681]']' text is 'S Hope' </msg>
<msg timestamp="20230730 11:05:41.278" level="INFO">xpath criteria: //android.widget.TextView[@bounds='[239,638][343,681]']</msg>
<msg timestamp="20230730 11:05:41.278" level="INFO">${Wicket_Keeper_1_Validate} = S Hope</msg>
<status status="PASS" starttime="20230730 11:05:40.889" endtime="20230730 11:05:41.278"/>
</kw>
<kw name="Log" library="BuiltIn">
<arg>${Wicket_Keeper_1_Validate}</arg>
<doc>Logs the given message with the given level.</doc>
<msg timestamp="20230730 11:05:41.278" level="INFO">S Hope</msg>
<status status="PASS" starttime="20230730 11:05:41.278" endtime="20230730 11:05:41.278"/>
</kw>
<kw name="Should Be Equal" library="BuiltIn">
<arg>${Wicket_Keeper_1_Validate}</arg>
<arg>${Wicket_Keeper_1}</arg>
<doc>Fails if the given objects are unequal.</doc>
<status status="PASS" starttime="20230730 11:05:41.279" endtime="20230730 11:05:41.279"/>
</kw>
<kw name="Run Keyword If" library="BuiltIn">
<arg>'${Wicket_Keeper_1_Validate}' == '${Wicket_Keeper_1}'</arg>
<arg>Log</arg>
<arg>${Wicket_Keeper_1_Validate} is matching with ${Wicket_Keeper_1}</arg>
<arg>ELSE</arg>
<arg>Log</arg>
<arg>${Wicket_Keeper_1_Validate} is not matching with ${Wicket_Keeper_1}</arg>
<doc>Runs the given keyword with the given arguments, if ``condition`` is true.</doc>
<kw name="Log" library="BuiltIn">
<arg>${Wicket_Keeper_1_Validate} is matching with ${Wicket_Keeper_1}</arg>
<doc>Logs the given message with the given level.</doc>
<msg timestamp="20230730 11:05:41.280" level="INFO">S Hope is matching with S Hope</msg>
<status status="PASS" starttime="20230730 11:05:41.280" endtime="20230730 11:05:41.280"/>
</kw>
<status status="PASS" starttime="20230730 11:05:41.279" endtime="20230730 11:05:41.280"/>
</kw>
<kw name="Get Text" library="AppiumLibrary">
<var>${Wicket_Keeper_2_Validate}</var>
<arg>${Wicket_Keeper_2_Validate_Field}</arg>
<doc>Get element text (for hybrid and mobile browser use `xpath` locator, others might cause problem)</doc>
<msg timestamp="20230730 11:05:41.557" level="INFO">Element '//android.widget.TextView[@bounds='[733,638][847,681]']' text is 'I Kishan' </msg>
<msg timestamp="20230730 11:05:41.557" level="INFO">xpath criteria: //android.widget.TextView[@bounds='[733,638][847,681]']</msg>
<msg timestamp="20230730 11:05:41.557" level="INFO">${Wicket_Keeper_2_Validate} = I Kishan</msg>
<status status="PASS" starttime="20230730 11:05:41.280" endtime="20230730 11:05:41.557"/>
</kw>
<kw name="Log" library="BuiltIn">
<arg>${Wicket_Keeper_2_Validate}</arg>
<doc>Logs the given message with the given level.</doc>
<msg timestamp="20230730 11:05:41.557" level="INFO">I Kishan</msg>
<status status="PASS" starttime="20230730 11:05:41.557" endtime="20230730 11:05:41.557"/>
</kw>
<kw name="Should Be Equal" library="BuiltIn">
<arg>${Wicket_Keeper_2_Validate}</arg>
<arg>${Wicket_Keeper_2}</arg>
<doc>Fails if the given objects are unequal.</doc>
<status status="PASS" starttime="20230730 11:05:41.557" endtime="20230730 11:05:41.558"/>
</kw>
<kw name="Run Keyword If" library="BuiltIn">
<arg>'${Wicket_Keeper_2_Validate}' == '${Wicket_Keeper_2}'</arg>
<arg>Log</arg>
<arg>${Wicket_Keeper_2_Validate} is matching with ${Wicket_Keeper_2}</arg>
<arg>ELSE</arg>
<arg>Log</arg>
<arg>${Wicket_Keeper_2_Validate} is not matching with ${Wicket_Keeper_2}</arg>
<doc>Runs the given keyword with the given arguments, if ``condition`` is true.</doc>
<kw name="Log" library="BuiltIn">
<arg>${Wicket_Keeper_2_Validate} is matching with ${Wicket_Keeper_2}</arg>
<doc>Logs the given message with the given level.</doc>
<msg timestamp="20230730 11:05:41.558" level="INFO">I Kishan is matching with I Kishan</msg>
<status status="PASS" starttime="20230730 11:05:41.558" endtime="20230730 11:05:41.558"/>
</kw>
<status status="PASS" starttime="20230730 11:05:41.558" endtime="20230730 11:05:41.558"/>
</kw>
<kw name="Get Text" library="AppiumLibrary">
<var>${Batter_1_Validate}</var>
<arg>${Batter_1_Validate_Field}</arg>
<doc>Get element text (for hybrid and mobile browser use `xpath` locator, others might cause problem)</doc>
<msg timestamp="20230730 11:05:41.852" level="INFO">Element '//android.widget.TextView[@bounds='[97,1084][237,1127]']' text is 'R Sharma' </msg>
<msg timestamp="20230730 11:05:41.852" level="INFO">xpath criteria: //android.widget.TextView[@bounds='[97,1084][237,1127]']</msg>
<msg timestamp="20230730 11:05:41.852" level="INFO">${Batter_1_Validate} = R Sharma</msg>
<status status="PASS" starttime="20230730 11:05:41.558" endtime="20230730 11:05:41.852"/>
</kw>
<kw name="Log" library="BuiltIn">
<arg>${Batter_1_Validate}</arg>
<doc>Logs the given message with the given level.</doc>
<msg timestamp="20230730 11:05:41.852" level="INFO">R Sharma</msg>
<status status="PASS" starttime="20230730 11:05:41.852" endtime="20230730 11:05:41.852"/>
</kw>
<kw name="Should Be Equal" library="BuiltIn">
<arg>${Batter_1_Validate}</arg>
<arg>${Batter_1}</arg>
<doc>Fails if the given objects are unequal.</doc>
<status status="PASS" starttime="20230730 11:05:41.852" endtime="20230730 11:05:41.853"/>
</kw>
<kw name="Run Keyword If" library="BuiltIn">
<arg>'${Batter_1_Validate}' == '${Batter_1}'</arg>
<arg>Log</arg>
<arg>${Batter_1_Validate} is matching with ${Batter_1}</arg>
<arg>ELSE</arg>
<arg>Log</arg>
<arg>${Batter_1_Validate} is not matching with ${Batter_1}</arg>
<doc>Runs the given keyword with the given arguments, if ``condition`` is true.</doc>
<kw name="Log" library="BuiltIn">
<arg>${Batter_1_Validate} is matching with ${Batter_1}</arg>
<doc>Logs the given message with the given level.</doc>
<msg timestamp="20230730 11:05:41.853" level="INFO">R Sharma is matching with R Sharma</msg>
<status status="PASS" starttime="20230730 11:05:41.853" endtime="20230730 11:05:41.853"/>
</kw>
<status status="PASS" starttime="20230730 11:05:41.853" endtime="20230730 11:05:41.853"/>
</kw>
<kw name="Get Text" library="AppiumLibrary">
<var>${Batter_2_Validate}</var>
<arg>${Batter_2_Validate_Field}</arg>
<doc>Get element text (for hybrid and mobile browser use `xpath` locator, others might cause problem)</doc>
<msg timestamp="20230730 11:05:42.106" level="INFO">Element '//android.widget.TextView[@bounds='[365,1084][466,1127]']' text is 'V Kohli' </msg>
<msg timestamp="20230730 11:05:42.106" level="INFO">xpath criteria: //android.widget.TextView[@bounds='[365,1084][466,1127]']</msg>
<msg timestamp="20230730 11:05:42.107" level="INFO">${Batter_2_Validate} = V Kohli</msg>
<status status="PASS" starttime="20230730 11:05:41.853" endtime="20230730 11:05:42.107"/>
</kw>
<kw name="Log" library="BuiltIn">
<arg>${Batter_2_Validate}</arg>
<doc>Logs the given message with the given level.</doc>
<msg timestamp="20230730 11:05:42.107" level="INFO">V Kohli</msg>
<status status="PASS" starttime="20230730 11:05:42.107" endtime="20230730 11:05:42.107"/>
</kw>
<kw name="Should Be Equal" library="BuiltIn">
<arg>${Batter_2_Validate}</arg>
<arg>${Batter_2}</arg>
<doc>Fails if the given objects are unequal.</doc>
<status status="PASS" starttime="20230730 11:05:42.107" endtime="20230730 11:05:42.107"/>
</kw>
<kw name="Run Keyword If" library="BuiltIn">
<arg>'${Batter_2_Validate}' == '${Batter_2}'</arg>
<arg>Log</arg>
<arg>${Batter_2_Validate} is matching with ${Batter_2}</arg>
<arg>ELSE</arg>
<arg>Log</arg>
<arg>${Batter_2_Validate} is not matching with ${Batter_2}</arg>
<doc>Runs the given keyword with the given arguments, if ``condition`` is true.</doc>
<kw name="Log" library="BuiltIn">
<arg>${Batter_2_Validate} is matching with ${Batter_2}</arg>
<doc>Logs the given message with the given level.</doc>
<msg timestamp="20230730 11:05:42.108" level="INFO">V Kohli is matching with V Kohli</msg>
<status status="PASS" starttime="20230730 11:05:42.107" endtime="20230730 11:05:42.108"/>
</kw>
<status status="PASS" starttime="20230730 11:05:42.107" endtime="20230730 11:05:42.108"/>
</kw>
<kw name="Get Text" library="AppiumLibrary">
<var>${Batter_3_Validate}</var>
<arg>${Batter_3_Validate_Field}</arg>
<doc>Get element text (for hybrid and mobile browser use `xpath` locator, others might cause problem)</doc>
<msg timestamp="20230730 11:05:42.423" level="INFO">Element '//android.widget.TextView[@bounds='[627,1084][701,1127]']' text is 'S Gill' </msg>
<msg timestamp="20230730 11:05:42.423" level="INFO">xpath criteria: //android.widget.TextView[@bounds='[627,1084][701,1127]']</msg>
<msg timestamp="20230730 11:05:42.423" level="INFO">${Batter_3_Validate} = S Gill</msg>
<status status="PASS" starttime="20230730 11:05:42.108" endtime="20230730 11:05:42.423"/>
</kw>
<kw name="Log" library="BuiltIn">
<arg>${Batter_3_Validate}</arg>
<doc>Logs the given message with the given level.</doc>
<msg timestamp="20230730 11:05:42.424" level="INFO">S Gill</msg>
<status status="PASS" starttime="20230730 11:05:42.423" endtime="20230730 11:05:42.424"/>
</kw>
<kw name="Should Be Equal" library="BuiltIn">
<arg>${Batter_3_Validate}</arg>
<arg>${Batter_3}</arg>
<doc>Fails if the given objects are unequal.</doc>
<status status="PASS" starttime="20230730 11:05:42.424" endtime="20230730 11:05:42.424"/>
</kw>
<kw name="Run Keyword If" library="BuiltIn">
<arg>'${Batter_3_Validate}' == '${Batter_3}'</arg>
<arg>Log</arg>
<arg>${Batter_3_Validate} is matching with ${Batter_3}</arg>
<arg>ELSE</arg>
<arg>Log</arg>
<arg>${Batter_3_Validate} is not matching with ${Batter_3}</arg>
<doc>Runs the given keyword with the given arguments, if ``condition`` is true.</doc>
<kw name="Log" library="BuiltIn">
<arg>${Batter_3_Validate} is matching with ${Batter_3}</arg>
<doc>Logs the given message with the given level.</doc>
<msg timestamp="20230730 11:05:42.424" level="INFO">S Gill is matching with S Gill</msg>
<status status="PASS" starttime="20230730 11:05:42.424" endtime="20230730 11:05:42.424"/>
</kw>
<status status="PASS" starttime="20230730 11:05:42.424" endtime="20230730 11:05:42.425"/>
</kw>
<kw name="Get Text" library="AppiumLibrary">
<var>${Batter_4_Validate}</var>
<arg>${Batter_4_Validate_Field}</arg>
<doc>Get element text (for hybrid and mobile browser use `xpath` locator, others might cause problem)</doc>
<msg timestamp="20230730 11:05:42.720" level="INFO">Element '//android.widget.TextView[@bounds='[838,1084][990,1127]']' text is 'S Hetmyer' </msg>
<msg timestamp="20230730 11:05:42.720" level="INFO">xpath criteria: //android.widget.TextView[@bounds='[838,1084][990,1127]']</msg>
<msg timestamp="20230730 11:05:42.720" level="INFO">${Batter_4_Validate} = S Hetmyer</msg>
<status status="PASS" starttime="20230730 11:05:42.425" endtime="20230730 11:05:42.720"/>
</kw>
<kw name="Log" library="BuiltIn">
<arg>${Batter_4_Validate}</arg>
<doc>Logs the given message with the given level.</doc>
<msg timestamp="20230730 11:05:42.720" level="INFO">S Hetmyer</msg>
<status status="PASS" starttime="20230730 11:05:42.720" endtime="20230730 11:05:42.720"/>
</kw>
<kw name="Should Be Equal" library="BuiltIn">
<arg>${Batter_4_Validate}</arg>
<arg>${Batter_4}</arg>
<doc>Fails if the given objects are unequal.</doc>
<status status="PASS" starttime="20230730 11:05:42.720" endtime="20230730 11:05:42.720"/>
</kw>
<kw name="Run Keyword If" library="BuiltIn">
<arg>'${Batter_4_Validate}' == '${Batter_4}'</arg>
<arg>Log</arg>
<arg>${Batter_4_Validate} is matching with ${Batter_4}</arg>
<arg>ELSE</arg>
<arg>Log</arg>
<arg>${Batter_4_Validate} is not matching with ${Batter_4}</arg>
<doc>Runs the given keyword with the given arguments, if ``condition`` is true.</doc>
<kw name="Log" library="BuiltIn">
<arg>${Batter_4_Validate} is matching with ${Batter_4}</arg>
<doc>Logs the given message with the given level.</doc>
<msg timestamp="20230730 11:05:42.721" level="INFO">S Hetmyer is matching with S Hetmyer</msg>
<status status="PASS" starttime="20230730 11:05:42.721" endtime="20230730 11:05:42.721"/>
</kw>
<status status="PASS" starttime="20230730 11:05:42.721" endtime="20230730 11:05:42.721"/>
</kw>
<kw name="Get Text" library="AppiumLibrary">
<var>${All_Rounders_1_Validate}</var>
<arg>${All_Rounders_1_Validate_Field}</arg>
<doc>Get element text (for hybrid and mobile browser use `xpath` locator, others might cause problem)</doc>
<msg timestamp="20230730 11:05:43.008" level="INFO">Element '//android.widget.TextView[@bounds='[223,1529][361,1572]']' text is 'H Pandya' </msg>
<msg timestamp="20230730 11:05:43.008" level="INFO">xpath criteria: //android.widget.TextView[@bounds='[223,1529][361,1572]']</msg>
<msg timestamp="20230730 11:05:43.008" level="INFO">${All_Rounders_1_Validate} = H Pandya</msg>
<status status="PASS" starttime="20230730 11:05:42.721" endtime="20230730 11:05:43.008"/>
</kw>
<kw name="Log" library="BuiltIn">
<arg>${All_Rounders_1_Validate}</arg>
<doc>Logs the given message with the given level.</doc>
<msg timestamp="20230730 11:05:43.009" level="INFO">H Pandya</msg>
<status status="PASS" starttime="20230730 11:05:43.008" endtime="20230730 11:05:43.009"/>
</kw>
<kw name="Should Be Equal" library="BuiltIn">
<arg>${All_Rounders_1_Validate}</arg>
<arg>${All_Rounders_1}</arg>
<doc>Fails if the given objects are unequal.</doc>
<status status="PASS" starttime="20230730 11:05:43.009" endtime="20230730 11:05:43.009"/>
</kw>
<kw name="Run Keyword If" library="BuiltIn">
<arg>'${All_Rounders_1_Validate}' == '${All_Rounders_1}'</arg>
<arg>Log</arg>
<arg>${All_Rounders_1_Validate} is matching with ${All_Rounders_1}</arg>
<arg>ELSE</arg>
<arg>Log</arg>
<arg>${All_Rounders_1_Validate} is not matching with ${All_Rounders_1}</arg>
<doc>Runs the given keyword with the given arguments, if ``condition`` is true.</doc>
<kw name="Log" library="BuiltIn">
<arg>${All_Rounders_1_Validate} is matching with ${All_Rounders_1}</arg>
<doc>Logs the given message with the given level.</doc>
<msg timestamp="20230730 11:05:43.010" level="INFO">H Pandya is matching with H Pandya</msg>
<status status="PASS" starttime="20230730 11:05:43.010" endtime="20230730 11:05:43.010"/>
</kw>
<status status="PASS" starttime="20230730 11:05:43.009" endtime="20230730 11:05:43.010"/>
</kw>
<kw name="Get Text" library="AppiumLibrary">
<var>${All_Rounders_2_Validate}</var>
<arg>${All_Rounders_2_Validate_Field}</arg>
<doc>Get element text (for hybrid and mobile browser use `xpath` locator, others might cause problem)</doc>
<msg timestamp="20230730 11:05:43.285" level="INFO">Element '//android.widget.TextView[@bounds='[728,1529][851,1572]']' text is 'R Jadeja' </msg>
<msg timestamp="20230730 11:05:43.285" level="INFO">xpath criteria: //android.widget.TextView[@bounds='[728,1529][851,1572]']</msg>
<msg timestamp="20230730 11:05:43.285" level="INFO">${All_Rounders_2_Validate} = R Jadeja</msg>
<status status="PASS" starttime="20230730 11:05:43.010" endtime="20230730 11:05:43.285"/>
</kw>
<kw name="Log" library="BuiltIn">
<arg>${All_Rounders_2_Validate}</arg>
<doc>Logs the given message with the given level.</doc>
<msg timestamp="20230730 11:05:43.286" level="INFO">R Jadeja</msg>
<status status="PASS" starttime="20230730 11:05:43.286" endtime="20230730 11:05:43.286"/>
</kw>
<kw name="Should Be Equal" library="BuiltIn">
<arg>${All_Rounders_2_Validate}</arg>
<arg>${All_Rounders_2}</arg>
<doc>Fails if the given objects are unequal.</doc>
<status status="PASS" starttime="20230730 11:05:43.286" endtime="20230730 11:05:43.286"/>
</kw>
<kw name="Run Keyword If" library="BuiltIn">
<arg>'${All_Rounders_2_Validate}' == '${All_Rounders_2}'</arg>
<arg>Log</arg>
<arg>${All_Rounders_2_Validate} is matching with ${All_Rounders_2}</arg>
<arg>ELSE</arg>
<arg>Log</arg>
<arg>${All_Rounders_2_Validate} is not matching with ${All_Rounders_2}</arg>
<doc>Runs the given keyword with the given arguments, if ``condition`` is true.</doc>
<kw name="Log" library="BuiltIn">
<arg>${All_Rounders_2_Validate} is matching with ${All_Rounders_2}</arg>
<doc>Logs the given message with the given level.</doc>
<msg timestamp="20230730 11:05:43.287" level="INFO">R Jadeja is matching with R Jadeja</msg>
<status status="PASS" starttime="20230730 11:05:43.286" endtime="20230730 11:05:43.287"/>
</kw>
<status status="PASS" starttime="20230730 11:05:43.286" endtime="20230730 11:05:43.287"/>
</kw>
<kw name="Get Text" library="AppiumLibrary">
<var>${Bowlers_1_Validate}</var>
<arg>${Bowlers_1_Validate_Field}</arg>
<doc>Get element text (for hybrid and mobile browser use `xpath` locator, others might cause problem)</doc>
<msg timestamp="20230730 11:05:43.582" level="INFO">Element '//android.widget.TextView[@bounds='[141,1975][276,2018]']' text is 'A Joseph' </msg>
<msg timestamp="20230730 11:05:43.582" level="INFO">xpath criteria: //android.widget.TextView[@bounds='[141,1975][276,2018]']</msg>
<msg timestamp="20230730 11:05:43.582" level="INFO">${Bowlers_1_Validate} = A Joseph</msg>
<status status="PASS" starttime="20230730 11:05:43.287" endtime="20230730 11:05:43.582"/>
</kw>
<kw name="Log" library="BuiltIn">
<arg>${Bowlers_1_Validate}</arg>
<doc>Logs the given message with the given level.</doc>
<msg timestamp="20230730 11:05:43.583" level="INFO">A Joseph</msg>
<status status="PASS" starttime="20230730 11:05:43.583" endtime="20230730 11:05:43.583"/>
</kw>
<kw name="Should Be Equal" library="BuiltIn">
<arg>${Bowlers_1_Validate}</arg>
<arg>${Bowlers_1}</arg>
<doc>Fails if the given objects are unequal.</doc>
<status status="PASS" starttime="20230730 11:05:43.583" endtime="20230730 11:05:43.583"/>
</kw>
<kw name="Run Keyword If" library="BuiltIn">
<arg>'${Bowlers_1_Validate}' == '${Bowlers_1}'</arg>
<arg>Log</arg>
<arg>${Bowlers_1_Validate} is matching with ${Bowlers_1}</arg>
<arg>ELSE</arg>
<arg>Log</arg>
<arg>${Bowlers_1_Validate} is not matching with ${Bowlers_1}</arg>
<doc>Runs the given keyword with the given arguments, if ``condition`` is true.</doc>
<kw name="Log" library="BuiltIn">
<arg>${Bowlers_1_Validate} is matching with ${Bowlers_1}</arg>
<doc>Logs the given message with the given level.</doc>
<msg timestamp="20230730 11:05:43.584" level="INFO">A Joseph is matching with A Joseph</msg>
<status status="PASS" starttime="20230730 11:05:43.583" endtime="20230730 11:05:43.584"/>
</kw>
<status status="PASS" starttime="20230730 11:05:43.583" endtime="20230730 11:05:43.584"/>
</kw>
<kw name="Get Text" library="AppiumLibrary">
<var>${Bowlers_2_Validate}</var>
<arg>${Bowlers_2_Validate_Field}</arg>
<doc>Get element text (for hybrid and mobile browser use `xpath` locator, others might cause problem)</doc>
<msg timestamp="20230730 11:05:43.897" level="INFO">Element '//android.widget.TextView[@bounds='[483,1975][598,2018]']' text is 'K Yadav' </msg>
<msg timestamp="20230730 11:05:43.898" level="INFO">xpath criteria: //android.widget.TextView[@bounds='[483,1975][598,2018]']</msg>
<msg timestamp="20230730 11:05:43.898" level="INFO">${Bowlers_2_Validate} = K Yadav</msg>
<status status="PASS" starttime="20230730 11:05:43.584" endtime="20230730 11:05:43.898"/>
</kw>
<kw name="Log" library="BuiltIn">
<arg>${Bowlers_2_Validate}</arg>
<doc>Logs the given message with the given level.</doc>
<msg timestamp="20230730 11:05:43.898" level="INFO">K Yadav</msg>
<status status="PASS" starttime="20230730 11:05:43.898" endtime="20230730 11:05:43.898"/>
</kw>
<kw name="Should Be Equal" library="BuiltIn">
<arg>${Bowlers_2_Validate}</arg>
<arg>${Bowlers_2}</arg>
<doc>Fails if the given objects are unequal.</doc>
<status status="PASS" starttime="20230730 11:05:43.898" endtime="20230730 11:05:43.898"/>
</kw>
<kw name="Run Keyword If" library="BuiltIn">
<arg>'${Bowlers_2_Validate}' == '${Bowlers_2}'</arg>
<arg>Log</arg>
<arg>${Bowlers_2_Validate} is matching with ${Bowlers_2}</arg>
<arg>ELSE</arg>
<arg>Log</arg>
<arg>${Bowlers_2_Validate} is not matching with ${Bowlers_2}</arg>
<doc>Runs the given keyword with the given arguments, if ``condition`` is true.</doc>
<kw name="Log" library="BuiltIn">
<arg>${Bowlers_2_Validate} is matching with ${Bowlers_2}</arg>
<doc>Logs the given message with the given level.</doc>
<msg timestamp="20230730 11:05:43.899" level="INFO">K Yadav is matching with K Yadav</msg>
<status status="PASS" starttime="20230730 11:05:43.899" endtime="20230730 11:05:43.899"/>
</kw>
<status status="PASS" starttime="20230730 11:05:43.898" endtime="20230730 11:05:43.899"/>
</kw>
<kw name="Get Text" library="AppiumLibrary">
<var>${Bowlers_3_Validate}</var>
<arg>${Bowlers_3_Validate_Field}</arg>
<doc>Get element text (for hybrid and mobile browser use `xpath` locator, others might cause problem)</doc>
<msg timestamp="20230730 11:05:44.260" level="INFO">Element '//android.widget.TextView[@bounds='[809,1975][936,2018]']' text is 'Y Chahal' </msg>
<msg timestamp="20230730 11:05:44.260" level="INFO">xpath criteria: //android.widget.TextView[@bounds='[809,1975][936,2018]']</msg>
<msg timestamp="20230730 11:05:44.260" level="INFO">${Bowlers_3_Validate} = Y Chahal</msg>
<status status="PASS" starttime="20230730 11:05:43.899" endtime="20230730 11:05:44.260"/>
</kw>
<kw name="Log" library="BuiltIn">
<arg>${Bowlers_3_Validate}</arg>
<doc>Logs the given message with the given level.</doc>
<msg timestamp="20230730 11:05:44.260" level="INFO">Y Chahal</msg>
<status status="PASS" starttime="20230730 11:05:44.260" endtime="20230730 11:05:44.260"/>
</kw>
<kw name="Should Be Equal" library="BuiltIn">
<arg>${Bowlers_3_Validate}</arg>
<arg>${Bowlers_3}</arg>
<doc>Fails if the given objects are unequal.</doc>
<status status="PASS" starttime="20230730 11:05:44.260" endtime="20230730 11:05:44.260"/>
</kw>
<kw name="Run Keyword If" library="BuiltIn">
<arg>'${Bowlers_3_Validate}' == '${Bowlers_3}'</arg>
<arg>Log</arg>
<arg>${Bowlers_3_Validate} is matching with ${Bowlers_3}</arg>
<arg>ELSE</arg>
<arg>Log</arg>
<arg>${Bowlers_3_Validate} is not matching with ${Bowlers_3}</arg>
<doc>Runs the given keyword with the given arguments, if ``condition`` is true.</doc>
<kw name="Log" library="BuiltIn">
<arg>${Bowlers_3_Validate} is matching with ${Bowlers_3}</arg>
<doc>Logs the given message with the given level.</doc>
<msg timestamp="20230730 11:05:44.261" level="INFO">Y Chahal is matching with Y Chahal</msg>
<status status="PASS" starttime="20230730 11:05:44.261" endtime="20230730 11:05:44.261"/>
</kw>
<status status="PASS" starttime="20230730 11:05:44.261" endtime="20230730 11:05:44.261"/>
</kw>
<kw name="Capture Page Screenshot" library="AppiumLibrary">
<arg>${Screenshots_Path}/Validate All The Team Players.png</arg>
<doc>Takes a screenshot of the current page and embeds it into the log.</doc>
<msg timestamp="20230730 11:05:46.135" level="INFO" html="true">&lt;/td&gt;&lt;/tr&gt;&lt;tr&gt;&lt;td colspan="3"&gt;&lt;a href="../Screenshots/Validate%20All%20The%20Team%20Players.png"&gt;&lt;img src="../Screenshots/Validate%20All%20The%20Team%20Players.png" width="800px"&gt;&lt;/a&gt;</msg>
<status status="PASS" starttime="20230730 11:05:44.261" endtime="20230730 11:05:46.135"/>
</kw>
<kw name="Click Element" library="AppiumLibrary">
<arg>${Back}</arg>
<doc>Click element identified by `locator`.</doc>
<msg timestamp="20230730 11:05:46.139" level="INFO">Clicking element '//android.widget.ImageView[@resource-id='team_preview_cross']'.</msg>
<msg timestamp="20230730 11:05:46.485" level="INFO">xpath criteria: //android.widget.ImageView[@resource-id='team_preview_cross']</msg>
<status status="PASS" starttime="20230730 11:05:46.135" endtime="20230730 11:05:46.485"/>
</kw>
<kw name="Wait Until Element Is Visible" library="AppiumLibrary">
<arg>${Save}</arg>
<arg>${Timeout}</arg>
<doc>Waits until element specified with `locator` is visible.</doc>
<msg timestamp="20230730 11:05:47.857" level="INFO">xpath criteria: //android.view.ViewGroup[@resource-id='create-team-SAVE-button']</msg>
<status status="PASS" starttime="20230730 11:05:46.486" endtime="20230730 11:05:47.857"/>
</kw>
<kw name="Click Element" library="AppiumLibrary">
<arg>${Save}</arg>
<doc>Click element identified by `locator`.</doc>
<msg timestamp="20230730 11:05:47.860" level="INFO">Clicking element '//android.view.ViewGroup[@resource-id='create-team-SAVE-button']'.</msg>
<msg timestamp="20230730 11:05:48.308" level="INFO">xpath criteria: //android.view.ViewGroup[@resource-id='create-team-SAVE-button']</msg>
<status status="PASS" starttime="20230730 11:05:47.857" endtime="20230730 11:05:48.308"/>
</kw>
<kw name="Capture Page Screenshot" library="AppiumLibrary">
<arg>${Screenshots_Path}/Save Created Playing 11.png</arg>
<doc>Takes a screenshot of the current page and embeds it into the log.</doc>
<msg timestamp="20230730 11:05:48.761" level="INFO" html="true">&lt;/td&gt;&lt;/tr&gt;&lt;tr&gt;&lt;td colspan="3"&gt;&lt;a href="../Screenshots/Save%20Created%20Playing%2011.png"&gt;&lt;img src="../Screenshots/Save%20Created%20Playing%2011.png" width="800px"&gt;&lt;/a&gt;</msg>
<status status="PASS" starttime="20230730 11:05:48.308" endtime="20230730 11:05:48.762"/>
</kw>
<status status="PASS" starttime="20230730 11:05:39.074" endtime="20230730 11:05:48.762"/>
</kw>
<kw name="Close Application" library="AppiumLibrary" type="TEARDOWN">
<doc>Closes the current application and also close webdriver session.</doc>
<status status="PASS" starttime="20230730 11:05:48.764" endtime="20230730 11:05:49.074"/>
</kw>
<status status="PASS" starttime="20230730 11:01:44.904" endtime="20230730 11:05:49.075"/>
</test>
<status status="PASS" starttime="20230730 11:01:44.593" endtime="20230730 11:05:49.076"/>
</suite>
<statistics>
<total>
<stat pass="1" fail="0" skip="0">All Tests</stat>
</total>
<tag>
</tag>
<suite>
<stat pass="1" fail="0" skip="0" id="s1" name="Dream11 Assignment">Dream11 Assignment</stat>
</suite>
</statistics>
<errors>
</errors>
</robot>
